<?xml version="1.0" encoding="UTF-8"?>
<testng-results skipped="0" failed="0" total="1" passed="1">
  <reporter-output>
  </reporter-output>
  <suite name="Suite" duration-ms="81420" started-at="2019-01-05T15:51:35Z" finished-at="2019-01-05T15:52:56Z">
    <groups>
    </groups>
    <test name="Test" duration-ms="81420" started-at="2019-01-05T15:51:35Z" finished-at="2019-01-05T15:52:56Z">
      <class name="regrassionTest.RegistrySearch">
        <test-method status="PASS" signature="initializeDriver()[pri:0, instance:regrassionTest.RegistrySearch@19dfb72a]" name="initializeDriver" is-config="true" duration-ms="36872" started-at="2019-01-05T10:51:35Z" finished-at="2019-01-05T10:52:12Z">
          <reporter-output>
          </reporter-output>
        </test-method> <!-- initializeDriver -->
        <test-method status="PASS" signature="regisrtySearchTest()[pri:0, instance:regrassionTest.RegistrySearch@19dfb72a]" name="regisrtySearchTest" duration-ms="39965" started-at="2019-01-05T10:52:12Z" finished-at="2019-01-05T10:52:52Z">
          <reporter-output>
          </reporter-output>
        </test-method> <!-- regisrtySearchTest -->
        <test-method status="PASS" signature="tearDown()[pri:0, instance:regrassionTest.RegistrySearch@19dfb72a]" name="tearDown" is-config="true" duration-ms="4542" started-at="2019-01-05T10:52:52Z" finished-at="2019-01-05T10:52:56Z">
          <reporter-output>
          </reporter-output>
        </test-method> <!-- tearDown -->
      </class> <!-- regrassionTest.RegistrySearch -->
    </test> <!-- Test -->
  </suite> <!-- Suite -->
</testng-results>
